platforms/android/build/outputs/apk/manifest-merger-release-report.txt
-- Merging decision tree log ---
manifest
ADDED from AndroidManifest.xml:2:1
	package
		ADDED from AndroidManifest.xml:2:100
		INJECTED from AndroidManifest.xml:0:0
		INJECTED from AndroidManifest.xml:0:0
	android:versionName
		ADDED from AndroidManifest.xml:2:74
	android:hardwareAccelerated
		ADDED from AndroidManifest.xml:2:11
	android:versionCode
		ADDED from AndroidManifest.xml:2:46
		INJECTED from AndroidManifest.xml:0:0
		INJECTED from AndroidManifest.xml:0:0
	xmlns:android
		ADDED from AndroidManifest.xml:2:124
supports-screens
ADDED from AndroidManifest.xml:3:5
	android:largeScreens
		ADDED from AndroidManifest.xml:3:49
	android:smallScreens
		ADDED from AndroidManifest.xml:3:132
	android:normalScreens
		ADDED from AndroidManifest.xml:3:77
	android:xlargeScreens
		ADDED from AndroidManifest.xml:3:160
	android:resizeable
		ADDED from AndroidManifest.xml:3:106
	android:anyDensity
		ADDED from AndroidManifest.xml:3:23
uses-permission#android.permission.INTERNET
ADDED from AndroidManifest.xml:4:5
MERGED from com.google.android.gms:play-services-gcm:11.0.4:21:5
MERGED from com.google.android.gms:play-services-iid:11.0.4:21:5
	android:name
		ADDED from AndroidManifest.xml:4:22
application
ADDED from AndroidManifest.xml:5:5
MERGED from com.android.support:support-v13:23.4.0:22:5
MERGED from com.android.support:support-v4:25.2.0:25:5
MERGED from com.android.support:support-compat:25.2.0:25:5
MERGED from com.android.support:support-media-compat:25.2.0:25:5
MERGED from com.android.support:support-compat:25.2.0:25:5
MERGED from com.android.support:support-core-utils:25.2.0:25:5
MERGED from com.android.support:support-compat:25.2.0:25:5
MERGED from com.android.support:support-core-ui:25.2.0:25:5
MERGED from com.android.support:support-compat:25.2.0:25:5
MERGED from com.android.support:support-fragment:25.2.0:25:5
MERGED from com.android.support:support-compat:25.2.0:25:5
MERGED from com.android.support:support-media-compat:25.2.0:25:5
MERGED from com.android.support:support-compat:25.2.0:25:5
MERGED from com.android.support:support-core-ui:25.2.0:25:5
MERGED from com.android.support:support-compat:25.2.0:25:5
MERGED from com.android.support:support-core-utils:25.2.0:25:5
MERGED from com.android.support:support-compat:25.2.0:25:5
MERGED from com.google.android.gms:play-services-gcm:11.0.4:23:5
MERGED from com.google.android.gms:play-services-base:11.0.4:18:5
MERGED from com.google.android.gms:play-services-basement:11.0.4:19:5
MERGED from com.android.support:support-v4:25.2.0:25:5
MERGED from com.android.support:support-compat:25.2.0:25:5
MERGED from com.android.support:support-media-compat:25.2.0:25:5
MERGED from com.android.support:support-compat:25.2.0:25:5
MERGED from com.android.support:support-core-utils:25.2.0:25:5
MERGED from com.android.support:support-compat:25.2.0:25:5
MERGED from com.android.support:support-core-ui:25.2.0:25:5
MERGED from com.android.support:support-compat:25.2.0:25:5
MERGED from com.android.support:support-fragment:25.2.0:25:5
MERGED from com.android.support:support-compat:25.2.0:25:5
MERGED from com.android.support:support-media-compat:25.2.0:25:5
MERGED from com.android.support:support-compat:25.2.0:25:5
MERGED from com.android.support:support-core-ui:25.2.0:25:5
MERGED from com.android.support:support-compat:25.2.0:25:5
MERGED from com.android.support:support-core-utils:25.2.0:25:5
MERGED from com.android.support:support-compat:25.2.0:25:5
MERGED from com.google.android.gms:play-services-tasks:11.0.4:4:5
MERGED from com.google.android.gms:play-services-basement:11.0.4:19:5
MERGED from com.android.support:support-v4:25.2.0:25:5
MERGED from com.android.support:support-compat:25.2.0:25:5
MERGED from com.android.support:support-media-compat:25.2.0:25:5
MERGED from com.android.support:support-compat:25.2.0:25:5
MERGED from com.android.support:support-core-utils:25.2.0:25:5
MERGED from com.android.support:support-compat:25.2.0:25:5
MERGED from com.android.support:support-core-ui:25.2.0:25:5
MERGED from com.android.support:support-compat:25.2.0:25:5
MERGED from com.android.support:support-fragment:25.2.0:25:5
MERGED from com.android.support:support-compat:25.2.0:25:5
MERGED from com.android.support:support-media-compat:25.2.0:25:5
MERGED from com.android.support:support-compat:25.2.0:25:5
MERGED from com.android.support:support-core-ui:25.2.0:25:5
MERGED from com.android.support:support-compat:25.2.0:25:5
MERGED from com.android.support:support-core-utils:25.2.0:25:5
MERGED from com.android.support:support-compat:25.2.0:25:5
MERGED from com.google.android.gms:play-services-basement:11.0.4:19:5
MERGED from com.android.support:support-v4:25.2.0:25:5
MERGED from com.android.support:support-compat:25.2.0:25:5
MERGED from com.android.support:support-media-compat:25.2.0:25:5
MERGED from com.android.support:support-compat:25.2.0:25:5
MERGED from com.android.support:support-core-utils:25.2.0:25:5
MERGED from com.android.support:support-compat:25.2.0:25:5
MERGED from com.android.support:support-core-ui:25.2.0:25:5
MERGED from com.android.support:support-compat:25.2.0:25:5
MERGED from com.android.support:support-fragment:25.2.0:25:5
MERGED from com.android.support:support-compat:25.2.0:25:5
MERGED from com.android.support:support-media-compat:25.2.0:25:5
MERGED from com.android.support:support-compat:25.2.0:25:5
MERGED from com.android.support:support-core-ui:25.2.0:25:5
MERGED from com.android.support:support-compat:25.2.0:25:5
MERGED from com.android.support:support-core-utils:25.2.0:25:5
MERGED from com.android.support:support-compat:25.2.0:25:5
MERGED from com.google.android.gms:play-services-iid:11.0.4:23:5
MERGED from com.google.android.gms:play-services-base:11.0.4:18:5
MERGED from com.google.android.gms:play-services-basement:11.0.4:19:5
MERGED from com.android.support:support-v4:25.2.0:25:5
MERGED from com.android.support:support-compat:25.2.0:25:5
MERGED from com.android.support:support-media-compat:25.2.0:25:5
MERGED from com.android.support:support-compat:25.2.0:25:5
MERGED from com.android.support:support-core-utils:25.2.0:25:5
MERGED from com.android.support:support-compat:25.2.0:25:5
MERGED from com.android.support:support-core-ui:25.2.0:25:5
MERGED from com.android.support:support-compat:25.2.0:25:5
MERGED from com.android.support:support-fragment:25.2.0:25:5
MERGED from com.android.support:support-compat:25.2.0:25:5
MERGED from com.android.support:support-media-compat:25.2.0:25:5
MERGED from com.android.support:support-compat:25.2.0:25:5
MERGED from com.android.support:support-core-ui:25.2.0:25:5
MERGED from com.android.support:support-compat:25.2.0:25:5
MERGED from com.android.support:support-core-utils:25.2.0:25:5
MERGED from com.android.support:support-compat:25.2.0:25:5
MERGED from com.google.android.gms:play-services-tasks:11.0.4:4:5
MERGED from com.google.android.gms:play-services-basement:11.0.4:19:5
MERGED from com.android.support:support-v4:25.2.0:25:5
MERGED from com.android.support:support-compat:25.2.0:25:5
MERGED from com.android.support:support-media-compat:25.2.0:25:5
MERGED from com.android.support:support-compat:25.2.0:25:5
MERGED from com.android.support:support-core-utils:25.2.0:25:5
MERGED from com.android.support:support-compat:25.2.0:25:5
MERGED from com.android.support:support-core-ui:25.2.0:25:5
MERGED from com.android.support:support-compat:25.2.0:25:5
MERGED from com.android.support:support-fragment:25.2.0:25:5
MERGED from com.android.support:support-compat:25.2.0:25:5
MERGED from com.android.support:support-media-compat:25.2.0:25:5
MERGED from com.android.support:support-compat:25.2.0:25:5
MERGED from com.android.support:support-core-ui:25.2.0:25:5
MERGED from com.android.support:support-compat:25.2.0:25:5
MERGED from com.android.support:support-core-utils:25.2.0:25:5
MERGED from com.android.support:support-compat:25.2.0:25:5
MERGED from com.google.android.gms:play-services-basement:11.0.4:19:5
MERGED from com.android.support:support-v4:25.2.0:25:5
MERGED from com.android.support:support-compat:25.2.0:25:5
MERGED from com.android.support:support-media-compat:25.2.0:25:5
MERGED from com.android.support:support-compat:25.2.0:25:5
MERGED from com.android.support:support-core-utils:25.2.0:25:5
MERGED from com.android.support:support-compat:25.2.0:25:5
MERGED from com.android.support:support-core-ui:25.2.0:25:5
MERGED from com.android.support:support-compat:25.2.0:25:5
MERGED from com.android.support:support-fragment:25.2.0:25:5
MERGED from com.android.support:support-compat:25.2.0:25:5
MERGED from com.android.support:support-media-compat:25.2.0:25:5
MERGED from com.android.support:support-compat:25.2.0:25:5
MERGED from com.android.support:support-core-ui:25.2.0:25:5
MERGED from com.android.support:support-compat:25.2.0:25:5
MERGED from com.android.support:support-core-utils:25.2.0:25:5
MERGED from com.android.support:support-compat:25.2.0:25:5
	android:label
		ADDED from AndroidManifest.xml:5:83
	android:supportsRtl
		ADDED from AndroidManifest.xml:5:116
	android:hardwareAccelerated
		ADDED from AndroidManifest.xml:5:18
	android:icon
		ADDED from AndroidManifest.xml:5:53
activity#com.payroll2u.MainActivity
ADDED from AndroidManifest.xml:6:9
	android:screenOrientation
		ADDED from AndroidManifest.xml:6:194
	android:label
		ADDED from AndroidManifest.xml:6:97
	android:launchMode
		ADDED from AndroidManifest.xml:6:135
	android:windowSoftInputMode
		ADDED from AndroidManifest.xml:6:294
	android:configChanges
		ADDED from AndroidManifest.xml:6:19
	android:theme
		ADDED from AndroidManifest.xml:6:231
	android:name
		ADDED from AndroidManifest.xml:6:166
intent-filter#android.intent.action.MAIN+android.intent.category.LAUNCHER
ADDED from AndroidManifest.xml:7:13
	android:label
		ADDED from AndroidManifest.xml:7:28
action#android.intent.action.MAIN
ADDED from AndroidManifest.xml:8:17
	android:name
		ADDED from AndroidManifest.xml:8:25
category#android.intent.category.LAUNCHER
ADDED from AndroidManifest.xml:9:17
	android:name
		ADDED from AndroidManifest.xml:9:27
activity#com.mbppower.CameraActivity
ADDED from AndroidManifest.xml:12:9
	android:screenOrientation
		ADDED from AndroidManifest.xml:12:62
	android:theme
		ADDED from AndroidManifest.xml:12:99
	android:name
		ADDED from AndroidManifest.xml:12:19
activity#com.synconset.MultiImageChooserActivity
ADDED from AndroidManifest.xml:13:9
	android:label
		ADDED from AndroidManifest.xml:13:19
	android:theme
		ADDED from AndroidManifest.xml:13:113
	android:name
		ADDED from AndroidManifest.xml:13:58
activity#com.adobe.phonegap.push.PushHandlerActivity
ADDED from AndroidManifest.xml:14:9
	android:exported
		ADDED from AndroidManifest.xml:14:19
	android:name
		ADDED from AndroidManifest.xml:14:43
receiver#com.google.android.gms.gcm.GcmReceiver
ADDED from AndroidManifest.xml:15:9
	android:exported
		ADDED from AndroidManifest.xml:15:19
	android:permission
		ADDED from AndroidManifest.xml:15:97
	android:name
		ADDED from AndroidManifest.xml:15:43
intent-filter#${applicationId}+com.google.android.c2dm.intent.RECEIVE
ADDED from AndroidManifest.xml:16:13
action#com.google.android.c2dm.intent.RECEIVE
ADDED from AndroidManifest.xml:17:17
	android:name
		ADDED from AndroidManifest.xml:17:25
category#${applicationId}
ADDED from AndroidManifest.xml:18:17
	android:name
		ADDED from AndroidManifest.xml:18:27
		INJECTED from AndroidManifest.xml:0:0
service#com.adobe.phonegap.push.GCMIntentService
ADDED from AndroidManifest.xml:21:9
	android:exported
		ADDED from AndroidManifest.xml:21:18
	android:name
		ADDED from AndroidManifest.xml:21:43
intent-filter#com.google.android.c2dm.intent.RECEIVE
ADDED from AndroidManifest.xml:22:13
service#com.adobe.phonegap.push.PushInstanceIDListenerService
ADDED from AndroidManifest.xml:26:9
	android:exported
		ADDED from AndroidManifest.xml:26:18
	android:name
		ADDED from AndroidManifest.xml:26:43
intent-filter#com.google.android.gms.iid.InstanceID
ADDED from AndroidManifest.xml:27:13
action#com.google.android.gms.iid.InstanceID
ADDED from AndroidManifest.xml:28:17
	android:name
		ADDED from AndroidManifest.xml:28:25
service#com.adobe.phonegap.push.RegistrationIntentService
ADDED from AndroidManifest.xml:31:9
	android:exported
		ADDED from AndroidManifest.xml:31:18
	android:name
		ADDED from AndroidManifest.xml:31:43
uses-sdk
ADDED from AndroidManifest.xml:33:5
MERGED from me.leolin:ShortcutBadger:1.1.4:7:5
MERGED from com.android.support:support-v13:23.4.0:20:5
MERGED from com.android.support:support-v4:25.2.0:21:5
MERGED from com.android.support:support-compat:25.2.0:21:5
MERGED from com.android.support:support-media-compat:25.2.0:21:5
MERGED from com.android.support:support-compat:25.2.0:21:5
MERGED from com.android.support:support-core-utils:25.2.0:21:5
MERGED from com.android.support:support-compat:25.2.0:21:5
MERGED from com.android.support:support-core-ui:25.2.0:21:5
MERGED from com.android.support:support-compat:25.2.0:21:5
MERGED from com.android.support:support-fragment:25.2.0:21:5
MERGED from com.android.support:support-compat:25.2.0:21:5
MERGED from com.android.support:support-media-compat:25.2.0:21:5
MERGED from com.android.support:support-compat:25.2.0:21:5
MERGED from com.android.support:support-core-ui:25.2.0:21:5
MERGED from com.android.support:support-compat:25.2.0:21:5
MERGED from com.android.support:support-core-utils:25.2.0:21:5
MERGED from com.android.support:support-compat:25.2.0:21:5
MERGED from com.google.android.gms:play-services-gcm:11.0.4:17:5
MERGED from com.google.android.gms:play-services-base:11.0.4:17:5
MERGED from com.google.android.gms:play-services-basement:11.0.4:17:5
MERGED from com.android.support:support-v4:25.2.0:21:5
MERGED from com.android.support:support-compat:25.2.0:21:5
MERGED from com.android.support:support-media-compat:25.2.0:21:5
MERGED from com.android.support:support-compat:25.2.0:21:5
MERGED from com.android.support:support-core-utils:25.2.0:21:5
MERGED from com.android.support:support-compat:25.2.0:21:5
MERGED from com.android.support:support-core-ui:25.2.0:21:5
MERGED from com.android.support:support-compat:25.2.0:21:5
MERGED from com.android.support:support-fragment:25.2.0:21:5
MERGED from com.android.support:support-compat:25.2.0:21:5
MERGED from com.android.support:support-media-compat:25.2.0:21:5
MERGED from com.android.support:support-compat:25.2.0:21:5
MERGED from com.android.support:support-core-ui:25.2.0:21:5
MERGED from com.android.support:support-compat:25.2.0:21:5
MERGED from com.android.support:support-core-utils:25.2.0:21:5
MERGED from com.android.support:support-compat:25.2.0:21:5
MERGED from com.google.android.gms:play-services-tasks:11.0.4:3:5
MERGED from com.google.android.gms:play-services-basement:11.0.4:17:5
MERGED from com.android.support:support-v4:25.2.0:21:5
MERGED from com.android.support:support-compat:25.2.0:21:5
MERGED from com.android.support:support-media-compat:25.2.0:21:5
MERGED from com.android.support:support-compat:25.2.0:21:5
MERGED from com.android.support:support-core-utils:25.2.0:21:5
MERGED from com.android.support:support-compat:25.2.0:21:5
MERGED from com.android.support:support-core-ui:25.2.0:21:5
MERGED from com.android.support:support-compat:25.2.0:21:5
MERGED from com.android.support:support-fragment:25.2.0:21:5
MERGED from com.android.support:support-compat:25.2.0:21:5
MERGED from com.android.support:support-media-compat:25.2.0:21:5
MERGED from com.android.support:support-compat:25.2.0:21:5
MERGED from com.android.support:support-core-ui:25.2.0:21:5
MERGED from com.android.support:support-compat:25.2.0:21:5
MERGED from com.android.support:support-core-utils:25.2.0:21:5
MERGED from com.android.support:support-compat:25.2.0:21:5
MERGED from com.google.android.gms:play-services-basement:11.0.4:17:5
MERGED from com.android.support:support-v4:25.2.0:21:5
MERGED from com.android.support:support-compat:25.2.0:21:5
MERGED from com.android.support:support-media-compat:25.2.0:21:5
MERGED from com.android.support:support-compat:25.2.0:21:5
MERGED from com.android.support:support-core-utils:25.2.0:21:5
MERGED from com.android.support:support-compat:25.2.0:21:5
MERGED from com.android.support:support-core-ui:25.2.0:21:5
MERGED from com.android.support:support-compat:25.2.0:21:5
MERGED from com.android.support:support-fragment:25.2.0:21:5
MERGED from com.android.support:support-compat:25.2.0:21:5
MERGED from com.android.support:support-media-compat:25.2.0:21:5
MERGED from com.android.support:support-compat:25.2.0:21:5
MERGED from com.android.support:support-core-ui:25.2.0:21:5
MERGED from com.android.support:support-compat:25.2.0:21:5
MERGED from com.android.support:support-core-utils:25.2.0:21:5
MERGED from com.android.support:support-compat:25.2.0:21:5
MERGED from com.google.android.gms:play-services-iid:11.0.4:17:5
MERGED from com.google.android.gms:play-services-base:11.0.4:17:5
MERGED from com.google.android.gms:play-services-basement:11.0.4:17:5
MERGED from com.android.support:support-v4:25.2.0:21:5
MERGED from com.android.support:support-compat:25.2.0:21:5
MERGED from com.android.support:support-media-compat:25.2.0:21:5
MERGED from com.android.support:support-compat:25.2.0:21:5
MERGED from com.android.support:support-core-utils:25.2.0:21:5
MERGED from com.android.support:support-compat:25.2.0:21:5
MERGED from com.android.support:support-core-ui:25.2.0:21:5
MERGED from com.android.support:support-compat:25.2.0:21:5
MERGED from com.android.support:support-fragment:25.2.0:21:5
MERGED from com.android.support:support-compat:25.2.0:21:5
MERGED from com.android.support:support-media-compat:25.2.0:21:5
MERGED from com.android.support:support-compat:25.2.0:21:5
MERGED from com.android.support:support-core-ui:25.2.0:21:5
MERGED from com.android.support:support-compat:25.2.0:21:5
MERGED from com.android.support:support-core-utils:25.2.0:21:5
MERGED from com.android.support:support-compat:25.2.0:21:5
MERGED from com.google.android.gms:play-services-tasks:11.0.4:3:5
MERGED from com.google.android.gms:play-services-basement:11.0.4:17:5
MERGED from com.android.support:support-v4:25.2.0:21:5
MERGED from com.android.support:support-compat:25.2.0:21:5
MERGED from com.android.support:support-media-compat:25.2.0:21:5
MERGED from com.android.support:support-compat:25.2.0:21:5
MERGED from com.android.support:support-core-utils:25.2.0:21:5
MERGED from com.android.support:support-compat:25.2.0:21:5
MERGED from com.android.support:support-core-ui:25.2.0:21:5
MERGED from com.android.support:support-compat:25.2.0:21:5
MERGED from com.android.support:support-fragment:25.2.0:21:5
MERGED from com.android.support:support-compat:25.2.0:21:5
MERGED from com.android.support:support-media-compat:25.2.0:21:5
MERGED from com.android.support:support-compat:25.2.0:21:5
MERGED from com.android.support:support-core-ui:25.2.0:21:5
MERGED from com.android.support:support-compat:25.2.0:21:5
MERGED from com.android.support:support-core-utils:25.2.0:21:5
MERGED from com.android.support:support-compat:25.2.0:21:5
MERGED from com.google.android.gms:play-services-basement:11.0.4:17:5
MERGED from com.android.support:support-v4:25.2.0:21:5
MERGED from com.android.support:support-compat:25.2.0:21:5
MERGED from com.android.support:support-media-compat:25.2.0:21:5
MERGED from com.android.support:support-compat:25.2.0:21:5
MERGED from com.android.support:support-core-utils:25.2.0:21:5
MERGED from com.android.support:support-compat:25.2.0:21:5
MERGED from com.android.support:support-core-ui:25.2.0:21:5
MERGED from com.android.support:support-compat:25.2.0:21:5
MERGED from com.android.support:support-fragment:25.2.0:21:5
MERGED from com.android.support:support-compat:25.2.0:21:5
MERGED from com.android.support:support-media-compat:25.2.0:21:5
MERGED from com.android.support:support-compat:25.2.0:21:5
MERGED from com.android.support:support-core-ui:25.2.0:21:5
MERGED from com.android.support:support-compat:25.2.0:21:5
MERGED from com.android.support:support-core-utils:25.2.0:21:5
MERGED from com.android.support:support-compat:25.2.0:21:5
MERGED from android:CordovaLib:unspecified:release:25:5
	tools:overrideLibrary
		ADDED from com.android.support:support-v4:25.2.0:23:9
	android:targetSdkVersion
		ADDED from AndroidManifest.xml:33:42
	android:minSdkVersion
		ADDED from AndroidManifest.xml:33:15
uses-permission#android.permission.ACCESS_WIFI_STATE
ADDED from AndroidManifest.xml:34:5
	android:name
		ADDED from AndroidManifest.xml:34:22
uses-feature#android.hardware.camera
ADDED from AndroidManifest.xml:35:5
	android:name
		ADDED from AndroidManifest.xml:35:19
uses-feature#android.hardware.camera.autofocus
ADDED from AndroidManifest.xml:36:5
	android:name
		ADDED from AndroidManifest.xml:36:19
uses-permission#android.permission.CAMERA
ADDED from AndroidManifest.xml:37:5
	android:name
		ADDED from AndroidManifest.xml:37:22
uses-permission#android.permission.WRITE_EXTERNAL_STORAGE
ADDED from AndroidManifest.xml:38:5
	android:name
		ADDED from AndroidManifest.xml:38:22
uses-permission#android.permission.CHANGE_WIFI_STATE
ADDED from AndroidManifest.xml:39:5
	android:name
		ADDED from AndroidManifest.xml:39:22
uses-permission#android.permission.ACCESS_COARSE_LOCATION
ADDED from AndroidManifest.xml:40:5
	android:name
		ADDED from AndroidManifest.xml:40:22
uses-permission#android.permission.READ_EXTERNAL_STORAGE
ADDED from AndroidManifest.xml:41:5
	android:name
		ADDED from AndroidManifest.xml:41:22
uses-permission#android.permission.ACCESS_NETWORK_STATE
ADDED from AndroidManifest.xml:42:5
	android:name
		ADDED from AndroidManifest.xml:42:22
uses-permission#android.permission.ACCESS_FINE_LOCATION
ADDED from AndroidManifest.xml:43:5
	android:name
		ADDED from AndroidManifest.xml:43:22
uses-permission#android.permission.WAKE_LOCK
ADDED from AndroidManifest.xml:44:5
	android:name
		ADDED from AndroidManifest.xml:44:22
uses-permission#android.permission.VIBRATE
ADDED from AndroidManifest.xml:45:5
	android:name
		ADDED from AndroidManifest.xml:45:22
uses-permission#com.google.android.c2dm.permission.RECEIVE
ADDED from AndroidManifest.xml:46:5
MERGED from com.google.android.gms:play-services-gcm:11.0.4:20:5
MERGED from com.google.android.gms:play-services-iid:11.0.4:20:5
	android:name
		ADDED from AndroidManifest.xml:46:22
permission#${applicationId}.permission.C2D_MESSAGE
ADDED from AndroidManifest.xml:47:5
	android:protectionLevel
		ADDED from AndroidManifest.xml:47:72
	android:name
		ADDED from AndroidManifest.xml:47:17
		INJECTED from AndroidManifest.xml:0:0
uses-permission#${applicationId}.permission.C2D_MESSAGE
ADDED from AndroidManifest.xml:48:5
	android:name
		ADDED from AndroidManifest.xml:48:22
		INJECTED from AndroidManifest.xml:0:0
uses-permission#com.sec.android.provider.badge.permission.READ
ADDED from me.leolin:ShortcutBadger:1.1.4:19:5
	android:name
		ADDED from me.leolin:ShortcutBadger:1.1.4:19:22
uses-permission#com.sec.android.provider.badge.permission.WRITE
ADDED from me.leolin:ShortcutBadger:1.1.4:20:5
	android:name
		ADDED from me.leolin:ShortcutBadger:1.1.4:20:22
uses-permission#com.htc.launcher.permission.READ_SETTINGS
ADDED from me.leolin:ShortcutBadger:1.1.4:23:5
	android:name
		ADDED from me.leolin:ShortcutBadger:1.1.4:23:22
uses-permission#com.htc.launcher.permission.UPDATE_SHORTCUT
ADDED from me.leolin:ShortcutBadger:1.1.4:24:5
	android:name
		ADDED from me.leolin:ShortcutBadger:1.1.4:24:22
uses-permission#com.sonyericsson.home.permission.BROADCAST_BADGE
ADDED from me.leolin:ShortcutBadger:1.1.4:27:5
	android:name
		ADDED from me.leolin:ShortcutBadger:1.1.4:27:22
uses-permission#com.anddoes.launcher.permission.UPDATE_COUNT
ADDED from me.leolin:ShortcutBadger:1.1.4:30:5
	android:name
		ADDED from me.leolin:ShortcutBadger:1.1.4:30:22
uses-permission#com.majeur.launcher.permission.UPDATE_BADGE
ADDED from me.leolin:ShortcutBadger:1.1.4:33:5
	android:name
		ADDED from me.leolin:ShortcutBadger:1.1.4:33:22
activity#com.google.android.gms.common.api.GoogleApiActivity
ADDED from com.google.android.gms:play-services-base:11.0.4:19:9
MERGED from com.google.android.gms:play-services-base:11.0.4:19:9
	android:exported
		ADDED from com.google.android.gms:play-services-base:11.0.4:19:146
	android:theme
		ADDED from com.google.android.gms:play-services-base:11.0.4:19:86
	android:name
		ADDED from com.google.android.gms:play-services-base:11.0.4:19:19
meta-data#com.google.android.gms.version
ADDED from com.google.android.gms:play-services-basement:11.0.4:20:9
MERGED from com.google.android.gms:play-services-basement:11.0.4:20:9
MERGED from com.google.android.gms:play-services-basement:11.0.4:20:9
MERGED from com.google.android.gms:play-services-basement:11.0.4:20:9
MERGED from com.google.android.gms:play-services-basement:11.0.4:20:9
MERGED from com.google.android.gms:play-services-basement:11.0.4:20:9
	android:value
		ADDED from com.google.android.gms:play-services-basement:11.0.4:20:66
	android:name
		ADDED from com.google.android.gms:play-services-basement:11.0.4:20:20